<?xml version="1.0" encoding="UTF-8"?>
<!-- Generated by org.testng.reporters.JUnitReportReporter -->
<testsuite hostname="pnatar4x-mobl1" failures="0" tests="1" name="testCases.TC001_AccountRegistration" time="6.221" errors="0" timestamp="2025-04-12T21:10:08 IST" skipped="0">
  <testcase classname="testCases.TC001_AccountRegistration" name="verify_Registration" time="6.221"/>
</testsuite> <!-- testCases.TC001_AccountRegistration -->
